{
  "RSpec": {
    "coverage": {
      "/home/csvm/Documents/cosc480-schedulizer/schedulizer/app/helpers/application_helper.rb": [
        1,
        null
      ],
      "/home/csvm/Documents/cosc480-schedulizer/schedulizer/app/controllers/courses_controller.rb": [
        1,
        1,
        0,
        null,
        null,
        1,
        0,
        null,
        null,
        1,
        0,
        0,
        null,
        null,
        1,
        2,
        null,
        null,
        2,
        2,
        null,
        2,
        1,
        1,
        null,
        1,
        1,
        null,
        null,
        null,
        1,
        0,
        0,
        null,
        null,
        1,
        0,
        0,
        0,
        0,
        null,
        0,
        0,
        null,
        null,
        null,
        1,
        0,
        0,
        0,
        0,
        0,
        null,
        0,
        0,
        null,
        null,
        null,
        1,
        1,
        2,
        null,
        null,
        null
      ],
      "/home/csvm/Documents/cosc480-schedulizer/schedulizer/app/controllers/application_controller.rb": [
        1,
        null,
        null,
        1,
        null
      ],
      "/home/csvm/Documents/cosc480-schedulizer/schedulizer/app/controllers/schedules_controller.rb": [
        1,
        1,
        null,
        null,
        null,
        null,
        null,
        null,
        null,
        1,
        0,
        null,
        null,
        1,
        0,
        0,
        null,
        null,
        1,
        null,
        0,
        null,
        null,
        0,
        0,
        null,
        null,
        null,
        0,
        0,
        null,
        null,
        0,
        null,
        null,
        1,
        0,
        0,
        0,
        0,
        null,
        null,
        null
      ],
      "/home/csvm/Documents/cosc480-schedulizer/schedulizer/app/models/course.rb": [
        1,
        1,
        null,
        1,
        0,
        0,
        0,
        0,
        0,
        0,
        0,
        0,
        0,
        null,
        null,
        null
      ]
    },
    "timestamp": 1428590465
  },
  "Cucumber Features": {
    "coverage": {
      "/home/csvm/Documents/cosc480-schedulizer/schedulizer/app/models/schedule.rb": [
        1,
        1,
        1,
        null
      ],
      "/home/csvm/Documents/cosc480-schedulizer/schedulizer/app/models/course.rb": [
        1,
        1,
        null,
        1,
        1,
        1,
        1,
        1,
        1,
        1,
        1,
        1,
        1,
        null,
        null,
        null
      ],
      "/home/csvm/Documents/cosc480-schedulizer/schedulizer/app/controllers/schedules_controller.rb": [
        1,
        1,
        null,
        null,
        null,
        null,
        null,
        null,
        null,
        1,
        0,
        null,
        null,
        1,
        2,
        2,
        null,
        null,
        1,
        null,
        0,
        null,
        null,
        0,
        0,
        null,
        null,
        null,
        0,
        0,
        null,
        null,
        0,
        null,
        null,
        1,
        0,
        0,
        0,
        0,
        null,
        null,
        null
      ],
      "/home/csvm/Documents/cosc480-schedulizer/schedulizer/app/controllers/application_controller.rb": [
        1,
        null,
        null,
        1,
        null
      ],
      "/home/csvm/Documents/cosc480-schedulizer/schedulizer/app/helpers/application_helper.rb": [
        1,
        null
      ]
    },
    "timestamp": 1428595490
  }
}
