{
  "RSpec": {
    "coverage": {
      "/home/csvm/Documents/cosc480-schedulizer/schedulizer/app/helpers/application_helper.rb": [
        1,
        null,
        1,
        0,
        0,
        0,
        0,
        0,
        null,
        null,
        null,
        null,
        1,
        0,
        0,
        null,
        null,
        null,
        null
      ],
      "/home/csvm/Documents/cosc480-schedulizer/schedulizer/app/helpers/schedules_helper.rb": [
        1,
        null,
        1,
        0,
        0,
        0,
        null,
        null,
        null,
        null
      ],
      "/home/csvm/Documents/cosc480-schedulizer/schedulizer/app/controllers/courses_controller.rb": [
        1,
        1,
        0,
        null,
        null,
        1,
        0,
        null,
        null,
        1,
        0,
        0,
        null,
        null,
        1,
        2,
        0,
        null,
        0,
        0,
        null,
        0,
        0,
        0,
        null,
        0,
        0,
        null,
        null,
        null,
        1,
        0,
        0,
        null,
        null,
        1,
        0,
        0,
        null,
        0,
        0,
        0,
        null,
        0,
        0,
        null,
        null,
        null,
        1,
        0,
        0,
        0,
        0,
        0,
        0,
        null,
        0,
        0,
        null,
        null,
        null,
        1,
        1,
        0,
        null,
        null,
        null
      ],
      "/home/csvm/Documents/cosc480-schedulizer/schedulizer/app/controllers/application_controller.rb": [
        1,
        null,
        null,
        1,
        null
      ],
      "/home/csvm/Documents/cosc480-schedulizer/schedulizer/app/controllers/schedules_controller.rb": [
        1,
        1,
        null,
        1,
        null,
        null,
        null,
        null,
        null,
        null,
        null,
        1,
        0,
        0,
        0,
        null,
        null,
        1,
        0,
        0,
        0,
        0,
        null,
        0,
        null,
        null,
        1,
        null,
        0,
        null,
        null,
        0,
        0,
        null,
        null,
        0,
        0,
        null,
        null,
        0,
        null,
        null,
        1,
        null,
        0,
        0,
        0,
        null,
        0,
        0,
        null,
        0,
        null,
        null,
        null,
        null
      ],
      "/home/csvm/Documents/cosc480-schedulizer/schedulizer/app/models/course.rb": [
        1,
        1,
        1,
        1,
        1,
        null,
        null,
        1,
        0,
        0,
        null,
        null,
        null,
        1,
        0,
        0,
        null,
        null,
        1,
        0,
        0,
        0,
        null,
        null,
        1,
        0,
        0,
        null,
        0,
        0,
        0,
        0,
        null,
        0,
        0,
        0,
        0,
        null,
        0,
        0,
        null,
        0,
        0,
        0,
        null,
        null,
        null,
        1,
        0,
        0,
        0,
        0,
        null,
        0,
        null,
        0,
        0,
        null,
        null,
        null,
        1,
        0,
        0,
        0,
        0,
        null,
        0,
        null,
        0,
        0,
        null,
        null,
        null,
        1,
        null,
        0,
        null,
        null,
        null,
        null,
        null,
        null,
        0,
        null,
        null,
        null,
        1,
        0,
        0,
        0,
        0,
        0,
        0,
        0,
        0,
        0,
        null,
        null,
        null
      ],
      "/home/csvm/Documents/cosc480-schedulizer/schedulizer/app/models/schedule.rb": [
        1,
        1,
        1,
        null,
        1,
        0,
        0,
        0,
        0,
        0,
        null,
        0,
        null,
        null,
        null,
        null,
        null
      ]
    },
    "timestamp": 1429200929
  },
  "Cucumber Features": {
    "coverage": {
      "/home/csvm/Documents/cosc480-schedulizer/schedulizer/app/controllers/schedules_controller.rb": [
        1,
        1,
        null,
        1,
        null,
        null,
        null,
        null,
        null,
        null,
        null,
        1,
        1,
        1,
        1,
        null,
        null,
        1,
        11,
        11,
        1,
        1,
        null,
        11,
        null,
        null,
        1,
        null,
        0,
        null,
        null,
        0,
        0,
        null,
        null,
        0,
        0,
        null,
        null,
        0,
        null,
        null,
        1,
        null,
        2,
        2,
        2,
        null,
        2,
        1,
        null,
        1,
        null,
        null,
        null,
        null
      ],
      "/home/csvm/Documents/cosc480-schedulizer/schedulizer/app/controllers/application_controller.rb": [
        1,
        null,
        null,
        1,
        null
      ],
      "/home/csvm/Documents/cosc480-schedulizer/schedulizer/app/helpers/application_helper.rb": [
        1,
        null,
        1,
        60,
        5,
        5,
        5,
        5,
        null,
        null,
        null,
        null,
        1,
        0,
        0,
        null,
        null,
        null,
        null
      ],
      "/home/csvm/Documents/cosc480-schedulizer/schedulizer/app/helpers/schedules_helper.rb": [
        1,
        null,
        1,
        1,
        1,
        1,
        null,
        null,
        null,
        null
      ],
      "/home/csvm/Documents/cosc480-schedulizer/schedulizer/app/models/schedule.rb": [
        1,
        1,
        1,
        null,
        1,
        1,
        1,
        1,
        1,
        0,
        null,
        1,
        null,
        null,
        null,
        null,
        null
      ],
      "/home/csvm/Documents/cosc480-schedulizer/schedulizer/app/controllers/courses_controller.rb": [
        1,
        1,
        0,
        null,
        null,
        1,
        0,
        null,
        null,
        1,
        8,
        8,
        null,
        null,
        1,
        1,
        1,
        null,
        1,
        1,
        null,
        1,
        0,
        0,
        null,
        1,
        1,
        null,
        null,
        null,
        1,
        3,
        3,
        null,
        null,
        1,
        0,
        0,
        null,
        0,
        0,
        0,
        null,
        0,
        0,
        null,
        null,
        null,
        1,
        1,
        1,
        1,
        1,
        1,
        1,
        null,
        0,
        0,
        null,
        null,
        null,
        1,
        1,
        1,
        null,
        null,
        null
      ],
      "/home/csvm/Documents/cosc480-schedulizer/schedulizer/app/models/course.rb": [
        1,
        1,
        1,
        1,
        1,
        null,
        null,
        1,
        26,
        26,
        null,
        null,
        null,
        1,
        26,
        26,
        null,
        null,
        1,
        26,
        26,
        26,
        null,
        null,
        1,
        15,
        13,
        null,
        13,
        13,
        13,
        13,
        null,
        13,
        13,
        13,
        13,
        null,
        13,
        13,
        null,
        13,
        0,
        0,
        null,
        null,
        null,
        1,
        15,
        13,
        13,
        13,
        null,
        13,
        null,
        13,
        0,
        null,
        null,
        null,
        1,
        15,
        13,
        13,
        13,
        null,
        13,
        null,
        13,
        0,
        null,
        null,
        null,
        1,
        null,
        15,
        null,
        null,
        null,
        null,
        null,
        null,
        2,
        null,
        null,
        null,
        1,
        10,
        10,
        10,
        10,
        10,
        10,
        10,
        10,
        10,
        null,
        null,
        null
      ],
      "/home/csvm/Documents/cosc480-schedulizer/schedulizer/app/models/user.rb": [
        1,
        1,
        1,
        1,
        null
      ]
    },
    "timestamp": 1429200962
  }
}
